2026-01-01T23:32:21.195+03:00  INFO 23596 --- [smartfocus] [main] c.e.starter.SmartfocusApplication        : Starting SmartfocusApplication using Java 17.0.12 with PID 23596 (D:\SpringDersleri\smartfocus\target\classes started by eness in D:\SpringDersleri\smartfocus)
2026-01-01T23:32:21.199+03:00  INFO 23596 --- [smartfocus] [main] c.e.starter.SmartfocusApplication        : No active profile set, falling back to 1 default profile: "default"
2026-01-01T23:32:21.950+03:00  INFO 23596 --- [smartfocus] [main] .s.d.r.c.RepositoryConfigurationDelegate : Bootstrapping Spring Data JPA repositories in DEFAULT mode.
2026-01-01T23:32:21.985+03:00  INFO 23596 --- [smartfocus] [main] .s.d.r.c.RepositoryConfigurationDelegate : Finished Spring Data repository scanning in 28 ms. Found 2 JPA repository interfaces.
2026-01-01T23:32:22.506+03:00  INFO 23596 --- [smartfocus] [main] o.s.b.w.embedded.tomcat.TomcatWebServer  : Tomcat initialized with port 8080 (http)
2026-01-01T23:32:22.514+03:00  INFO 23596 --- [smartfocus] [main] o.apache.catalina.core.StandardService   : Starting service [Tomcat]
2026-01-01T23:32:22.514+03:00  INFO 23596 --- [smartfocus] [main] o.apache.catalina.core.StandardEngine    : Starting Servlet engine: [Apache Tomcat/10.1.34]
2026-01-01T23:32:22.558+03:00  INFO 23596 --- [smartfocus] [main] o.a.c.c.C.[Tomcat].[localhost].[/]       : Initializing Spring embedded WebApplicationContext
2026-01-01T23:32:22.558+03:00  INFO 23596 --- [smartfocus] [main] w.s.c.ServletWebServerApplicationContext : Root WebApplicationContext: initialization completed in 1324 ms
2026-01-01T23:32:22.658+03:00  INFO 23596 --- [smartfocus] [main] o.hibernate.jpa.internal.util.LogHelper  : HHH000204: Processing PersistenceUnitInfo [name: default]
2026-01-01T23:32:22.723+03:00  INFO 23596 --- [smartfocus] [main] org.hibernate.Version                    : HHH000412: Hibernate ORM core version 6.6.4.Final
2026-01-01T23:32:22.751+03:00  INFO 23596 --- [smartfocus] [main] o.h.c.internal.RegionFactoryInitiator    : HHH000026: Second-level cache disabled
2026-01-01T23:32:22.932+03:00  INFO 23596 --- [smartfocus] [main] o.s.o.j.p.SpringPersistenceUnitInfo      : No LoadTimeWeaver setup: ignoring JPA class transformer
2026-01-01T23:32:22.953+03:00  INFO 23596 --- [smartfocus] [main] com.zaxxer.hikari.HikariDataSource       : HikariPool-1 - Starting...
2026-01-01T23:32:23.071+03:00  INFO 23596 --- [smartfocus] [main] com.zaxxer.hikari.pool.HikariPool        : HikariPool-1 - Added connection org.postgresql.jdbc.PgConnection@448086ab
2026-01-01T23:32:23.072+03:00  INFO 23596 --- [smartfocus] [main] com.zaxxer.hikari.HikariDataSource       : HikariPool-1 - Start completed.
2026-01-01T23:32:23.133+03:00  INFO 23596 --- [smartfocus] [main] org.hibernate.orm.connections.pooling    : HHH10001005: Database info:
	Database JDBC URL [Connecting through datasource 'HikariDataSource (HikariPool-1)']
	Database driver: undefined/unknown
	Database version: 14.20
	Autocommit mode: undefined/unknown
	Isolation level: undefined/unknown
	Minimum pool size: undefined/unknown
	Maximum pool size: undefined/unknown
2026-01-01T23:32:23.707+03:00  INFO 23596 --- [smartfocus] [main] o.h.e.t.j.p.i.JtaPlatformInitiator       : HHH000489: No JTA platform available (set 'hibernate.transaction.jta.platform' to enable JTA platform integration)
2026-01-01T23:32:23.782+03:00  INFO 23596 --- [smartfocus] [main] j.LocalContainerEntityManagerFactoryBean : Initialized JPA EntityManagerFactory for persistence unit 'default'
2026-01-01T23:32:23.990+03:00  WARN 23596 --- [smartfocus] [main] JpaBaseConfiguration$JpaWebConfiguration : spring.jpa.open-in-view is enabled by default. Therefore, database queries may be performed during view rendering. Explicitly configure spring.jpa.open-in-view to disable this warning
2026-01-01T23:32:24.270+03:00  INFO 23596 --- [smartfocus] [main] o.s.b.w.embedded.tomcat.TomcatWebServer  : Tomcat started on port 8080 (http) with context path '/'
2026-01-01T23:32:24.277+03:00  INFO 23596 --- [smartfocus] [main] c.e.starter.SmartfocusApplication        : Started SmartfocusApplication in 3.363 seconds (process running for 3.961)
2026-01-01T23:33:04.147+03:00  INFO 23596 --- [smartfocus] [SpringApplicationShutdownHook] o.s.b.w.e.tomcat.GracefulShutdown        : Commencing graceful shutdown. Waiting for active requests to complete
2026-01-01T23:33:04.201+03:00  INFO 23596 --- [smartfocus] [tomcat-shutdown] o.s.b.w.e.tomcat.GracefulShutdown        : Graceful shutdown complete
2026-01-01T23:33:04.203+03:00  INFO 23596 --- [smartfocus] [SpringApplicationShutdownHook] j.LocalContainerEntityManagerFactoryBean : Closing JPA EntityManagerFactory for persistence unit 'default'
2026-01-01T23:33:04.204+03:00  INFO 23596 --- [smartfocus] [SpringApplicationShutdownHook] com.zaxxer.hikari.HikariDataSource       : HikariPool-1 - Shutdown initiated...
2026-01-01T23:33:04.206+03:00  INFO 23596 --- [smartfocus] [SpringApplicationShutdownHook] com.zaxxer.hikari.HikariDataSource       : HikariPool-1 - Shutdown completed.
